<?xml version="1.0" encoding="UTF-8"?>
<!-- Generated by org.testng.reporters.JUnitReportReporter -->
<testsuite hostname="Chaithra-Kota5" failures="0" tests="1" name="TestNGPROGRAMS.DemmoB2" time="0.006" errors="0" timestamp="05 Aug 2019 17:28:59 GMT" skipped="0">
  <testcase classname="TestNGPROGRAMS.DemmoB2" name="deleteuser" time="0.006"/>
</testsuite> <!-- TestNGPROGRAMS.DemmoB2 -->
