<?xml version="1.0" encoding="UTF-8"?>
<!-- Generated by org.testng.reporters.JUnitReportReporter -->
<testsuite hostname="Chaithra-Kota5" failures="0" tests="2" name="TestNGPROGRAMS.DemouserDepedency" time="0.012" errors="0" timestamp="05 Aug 2019 22:39:33 GMT" skipped="0">
  <testcase classname="TestNGPROGRAMS.DemouserDepedency" name="createuser" time="0.002"/>
  <testcase classname="TestNGPROGRAMS.DemouserDepedency" name="deleteuser" time="0.010"/>
</testsuite> <!-- TestNGPROGRAMS.DemouserDepedency -->
