<?xml version="1.0" encoding="UTF-8"?>
<!-- Generated by org.testng.reporters.JUnitReportReporter -->
<testsuite hostname="Chaithra-Kota5" failures="0" tests="1" name="TestNGPROGRAMS.Optional_parametr_annotation" time="0.015" errors="0" timestamp="05 Aug 2019 23:12:04 GMT" skipped="0">
  <testcase classname="TestNGPROGRAMS.Optional_parametr_annotation" name="test" time="0.015"/>
</testsuite> <!-- TestNGPROGRAMS.Optional_parametr_annotation -->
