<?xml version="1.0" encoding="UTF-8"?>
<!-- Generated by org.testng.reporters.JUnitReportReporter -->
<testsuite hostname="Chaithra-Kota5" failures="0" tests="1" name="Practice_selenium.DemoTakeScreenshot" time="21.951" errors="0" timestamp="17 Aug 2019 13:43:37 GMT" skipped="0">
  <testcase classname="Practice_selenium.DemoTakeScreenshot" name="main" time="21.951"/>
</testsuite> <!-- Practice_selenium.DemoTakeScreenshot -->
