<?xml version="1.0" encoding="UTF-8"?>
<!-- Generated by org.testng.reporters.JUnitReportReporter -->
<testsuite hostname="Chaithra-Kota5" failures="0" tests="1" name="Practice_selenium.DemoNotificationpoup" time="85.065" errors="0" timestamp="17 Aug 2019 17:55:51 GMT" skipped="0">
  <testcase classname="Practice_selenium.DemoNotificationpoup" name="f" time="85.065"/>
</testsuite> <!-- Practice_selenium.DemoNotificationpoup -->
