<?xml version="1.0" encoding="UTF-8"?>
<!-- Generated by org.testng.reporters.JUnitReportReporter -->
<testsuite hostname="Chaithra-Kota5" failures="0" tests="6" name="TestNGPROGRAMS.PriorityDemo" time="0.034" errors="0" timestamp="05 Aug 2019 18:32:52 GMT" skipped="0">
  <testcase classname="TestNGPROGRAMS.PriorityDemo" name="Test2" time="0.013"/>
  <testcase classname="TestNGPROGRAMS.PriorityDemo" name="Test3" time="0.004"/>
  <testcase classname="TestNGPROGRAMS.PriorityDemo" name="testmethod" time="0.007"/>
  <testcase classname="TestNGPROGRAMS.PriorityDemo" name="Test3" time="0.004"/>
  <testcase classname="TestNGPROGRAMS.PriorityDemo" name="Test4" time="0.003"/>
  <testcase classname="TestNGPROGRAMS.PriorityDemo" name="Test1" time="0.003"/>
</testsuite> <!-- TestNGPROGRAMS.PriorityDemo -->
