<?xml version="1.0" encoding="UTF-8"?>
<!-- Generated by org.testng.reporters.JUnitReportReporter -->
<testsuite hostname="Chaithra-Kota5" failures="0" tests="2" name="TestNGPROGRAMS.Test11" time="0.011" errors="0" timestamp="05 Aug 2019 18:18:10 GMT" skipped="0">
  <testcase classname="TestNGPROGRAMS.Test11" name="test1" time="0.002"/>
  <testcase classname="TestNGPROGRAMS.Test11" name="testmethod" time="0.009"/>
</testsuite> <!-- TestNGPROGRAMS.Test11 -->
