<?xml version="1.0" encoding="UTF-8"?>
<!-- Generated by org.testng.reporters.JUnitReportReporter -->
<testsuite hostname="Chaithra-Kota5" failures="0" tests="1" name="Practice_selenium.DemoFileupload" time="5.603" errors="0" timestamp="17 Aug 2019 17:22:39 GMT" skipped="0">
  <testcase classname="Practice_selenium.DemoFileupload" name="f" time="5.603"/>
</testsuite> <!-- Practice_selenium.DemoFileupload -->
