<?xml version="1.0" encoding="UTF-8"?>
<!-- Generated by org.testng.reporters.JUnitReportReporter -->
<testsuite hostname="Chaithra-Kota5" failures="0" tests="5" name="TestNGPROGRAMS.DemoTestNGGroups" time="0.009" errors="0" timestamp="05 Aug 2019 22:35:34 GMT" skipped="1">
  <testcase classname="TestNGPROGRAMS.DemoTestNGGroups" name="createuser" time="0.004"/>
  <testcase classname="TestNGPROGRAMS.DemoTestNGGroups" name="deleteuser" time="0.002"/>
  <testcase classname="TestNGPROGRAMS.DemoTestNGGroups" name="createproduct" time="0.001"/>
  <testcase classname="TestNGPROGRAMS.DemoTestNGGroups" name="deleteproduct" time="0.002"/>
  <testcase classname="TestNGPROGRAMS.DemoTestNGGroups" name="edituser">
    <skipped/>
  </testcase> <!-- edituser -->
</testsuite> <!-- TestNGPROGRAMS.DemoTestNGGroups -->
