<?xml version="1.0" encoding="UTF-8"?>
<!-- Generated by org.testng.reporters.JUnitReportReporter -->
<testsuite hostname="Chaithra-Kota5" failures="0" tests="2" name="TestNGPROGRAMS.Test22" time="0.016" errors="0" timestamp="05 Aug 2019 17:45:04 GMT" skipped="0">
  <testcase classname="TestNGPROGRAMS.Test22" name="test3" time="0.004"/>
  <testcase classname="TestNGPROGRAMS.Test22" name="test2" time="0.012"/>
</testsuite> <!-- TestNGPROGRAMS.Test22 -->
