<?xml version="1.0" encoding="UTF-8"?>
<!-- Generated by org.testng.reporters.JUnitReportReporter -->
<testsuite hostname="Chaithra-Kota5" failures="0" tests="1" name="TestNGPROGRAMS.DemoTestNG" time="0.018" errors="0" timestamp="05 Aug 2019 16:57:09 GMT" skipped="0">
  <testcase classname="TestNGPROGRAMS.DemoTestNG" name="test" time="0.018"/>
</testsuite> <!-- TestNGPROGRAMS.DemoTestNG -->
