<?xml version="1.0" encoding="UTF-8"?>
<!-- Generated by org.testng.reporters.JUnitReportReporter -->
<testsuite hostname="Chaithra-Kota5" failures="0" tests="2" name="TestNGPROGRAMS.ListenerTest" time="0.016" errors="0" timestamp="18 Aug 2019 16:55:53 GMT" skipped="0">
  <testcase classname="TestNGPROGRAMS.ListenerTest" name="Demo1" time="0.016"/>
  <testcase classname="TestNGPROGRAMS.ListenerTest" name="Demo2" time="0.000"/>
</testsuite> <!-- TestNGPROGRAMS.ListenerTest -->
