<?xml version="1.0" encoding="UTF-8"?>
<!-- Generated by org.testng.reporters.JUnitReportReporter -->
<testsuite hostname="Chaithra-Kota5" failures="0" tests="1" name="Practice_selenium.DemoSelectClass" time="7.091" errors="0" timestamp="17 Aug 2019 16:53:47 GMT" skipped="0">
  <testcase classname="Practice_selenium.DemoSelectClass" name="main" time="7.091"/>
</testsuite> <!-- Practice_selenium.DemoSelectClass -->
