<?xml version="1.0" encoding="UTF-8"?>
<!-- Generated by org.testng.reporters.JUnitReportReporter -->
<testsuite hostname="Chaithra-Kota5" failures="0" tests="1" name="Scenarios1.ActitimeScreenshot" time="42.245" errors="0" timestamp="20 Aug 2019 05:29:49 GMT" skipped="0">
  <testcase classname="Scenarios1.ActitimeScreenshot" name="main" time="42.245"/>
</testsuite> <!-- Scenarios1.ActitimeScreenshot -->
