<?xml version="1.0" encoding="UTF-8"?>
<!-- Generated by org.testng.reporters.JUnitReportReporter -->
<testsuite hostname="Chaithra-Kota5" failures="0" tests="3" name="TestNGPROGRAMS.DemoDataProvider" time="0.017" errors="0" timestamp="05 Aug 2019 18:52:55 GMT" skipped="0">
  <testcase classname="TestNGPROGRAMS.DemoDataProvider" name="createuser" time="0.005"/>
  <testcase classname="TestNGPROGRAMS.DemoDataProvider" name="createuser" time="0.010"/>
  <testcase classname="TestNGPROGRAMS.DemoDataProvider" name="createuser" time="0.002"/>
</testsuite> <!-- TestNGPROGRAMS.DemoDataProvider -->
