<?xml version="1.0" encoding="UTF-8"?>
<!-- Generated by org.testng.reporters.JUnitReportReporter -->
<testsuite hostname="Chaithra-Kota5" failures="0" tests="1" name="Practice_selenium.DemoWindowHandle" time="9.788" errors="0" timestamp="17 Aug 2019 09:51:02 GMT" skipped="0">
  <testcase classname="Practice_selenium.DemoWindowHandle" name="test" time="9.788"/>
</testsuite> <!-- Practice_selenium.DemoWindowHandle -->
