<?xml version="1.0" encoding="UTF-8"?>
<!-- Generated by org.testng.reporters.JUnitReportReporter -->
<testsuite hostname="Chaithra-Kota5" failures="0" tests="2" name="TestNGPROGRAMS.NewTest" time="0.019" errors="0" timestamp="05 Aug 2019 17:13:26 GMT" skipped="0">
  <testcase classname="TestNGPROGRAMS.NewTest" name="usercreate" time="0.017"/>
  <testcase classname="TestNGPROGRAMS.NewTest" name="userdelete" time="0.002"/>
</testsuite> <!-- TestNGPROGRAMS.NewTest -->
