<?xml version="1.0" encoding="UTF-8"?>
<!-- Generated by org.testng.reporters.JUnitReportReporter -->
<testsuite hostname="Chaithra-Kota5" failures="0" tests="1" name="TestNGPROGRAMS.DemoB1" time="0.012" errors="0" timestamp="13 Aug 2019 04:18:04 GMT" skipped="0">
  <testcase classname="TestNGPROGRAMS.DemoB1" name="createuser" time="0.012"/>
</testsuite> <!-- TestNGPROGRAMS.DemoB1 -->
